# JRE version: OpenJDK Runtime Environment Microsoft-8902769 (17.0.10+7) (build 17.0.10+7-LTS)
# Java VM: OpenJDK 64-Bit Server VM Microsoft-8902769 (17.0.10+7-LTS, mixed mode, sharing, tiered, compressed oops, compressed class ptrs, g1 gc, windows-amd64)
GC Precious Log:
 CPUs: 4 total, 4 available
 Memory: 8047M
 Large Page Support: Disabled
 NUMA Support: Disabled
 Compressed Oops: Enabled (32-bit)
 Heap Region Size: 1M
 Heap Min Capacity: 8M
 Heap Initial Capacity: 126M
 Heap Max Capacity: 2012M
 Pre-touch: Disabled
 Parallel Workers: 4
 Concurrent Workers: 1
 Concurrent Refinement Workers: 4
 Periodic GC: Disabled
Heap:
 garbage-first heap   total 75776K, used 27145K [0x0000000082400000, 0x0000000100000000)
  region size 1024K, 2 young (2048K), 2 survivors (2048K)
 Metaspace       used 35925K, committed 36096K, reserved 1114112K
  class space    used 4441K, committed 4544K, reserved 1048576K
GC Heap History (13 events):
Event: 1.119 GC heap before
{Heap before GC invocations=0 (full 0):
 garbage-first heap   total 129024K, used 17408K [0x0000000082400000, 0x0000000100000000)
  region size 1024K, 13 young (13312K), 0 survivors (0K)
 Metaspace       used 3898K, committed 4032K, reserved 1114112K
  class space    used 317K, committed 384K, reserved 1048576K
}
Event: 1.222 GC heap after
{Heap after GC invocations=1 (full 0):
 garbage-first heap   total 129024K, used 6251K [0x0000000082400000, 0x0000000100000000)
  region size 1024K, 2 young (2048K), 2 survivors (2048K)
 Metaspace       used 3898K, committed 4032K, reserved 1114112K
  class space    used 317K, committed 384K, reserved 1048576K
}
Event: 2.108 GC heap before
{Heap before GC invocations=1 (full 0):
 garbage-first heap   total 129024K, used 23659K [0x0000000082400000, 0x0000000100000000)
  region size 1024K, 19 young (19456K), 2 survivors (2048K)
 Metaspace       used 7811K, committed 7936K, reserved 1114112K
  class space    used 818K, committed 896K, reserved 1048576K
}
Event: 2.113 GC heap after
{Heap after GC invocations=2 (full 0):
 garbage-first heap   total 129024K, used 8091K [0x0000000082400000, 0x0000000100000000)
  region size 1024K, 2 young (2048K), 2 survivors (2048K)
 Metaspace       used 7811K, committed 7936K, reserved 1114112K
  class space    used 818K, committed 896K, reserved 1048576K
}
Event: 5.016 GC heap before
{Heap before GC invocations=2 (full 0):
 garbage-first heap   total 129024K, used 63387K [0x0000000082400000, 0x0000000100000000)
  region size 1024K, 53 young (54272K), 2 survivors (2048K)
 Metaspace       used 21275K, committed 21504K, reserved 1114112K
  class space    used 2739K, committed 2880K, reserved 1048576K
}
Event: 5.027 GC heap after
{Heap after GC invocations=3 (full 0):
 garbage-first heap   total 129024K, used 16667K [0x0000000082400000, 0x0000000100000000)
  region size 1024K, 7 young (7168K), 7 survivors (7168K)
 Metaspace       used 21275K, committed 21504K, reserved 1114112K
  class space    used 2739K, committed 2880K, reserved 1048576K
}
Event: 6.457 GC heap before
{Heap before GC invocations=4 (full 0):
 garbage-first heap   total 65536K, used 50459K [0x0000000082400000, 0x0000000100000000)
  region size 1024K, 38 young (38912K), 7 survivors (7168K)
 Metaspace       used 26439K, committed 26624K, reserved 1114112K
  class space    used 3546K, committed 3648K, reserved 1048576K
}
Event: 6.483 GC heap after
{Heap after GC invocations=5 (full 0):
 garbage-first heap   total 65536K, used 24187K [0x0000000082400000, 0x0000000100000000)
  region size 1024K, 5 young (5120K), 5 survivors (5120K)
 Metaspace       used 26439K, committed 26624K, reserved 1114112K
  class space    used 3546K, committed 3648K, reserved 1048576K
}
Event: 6.541 GC heap before
{Heap before GC invocations=5 (full 0):
 garbage-first heap   total 65536K, used 25211K [0x0000000082400000, 0x0000000100000000)
  region size 1024K, 6 young (6144K), 5 survivors (5120K)
 Metaspace       used 26580K, committed 26752K, reserved 1114112K
  class space    used 3560K, committed 3648K, reserved 1048576K
}
Event: 6.551 GC heap after
{Heap after GC invocations=6 (full 0):
 garbage-first heap   total 65536K, used 25518K [0x0000000082400000, 0x0000000100000000)
  region size 1024K, 1 young (1024K), 1 survivors (1024K)
 Metaspace       used 26580K, committed 26752K, reserved 1114112K
  class space    used 3560K, committed 3648K, reserved 1048576K
}
Event: 7.149 GC heap before
{Heap before GC invocations=6 (full 0):
 garbage-first heap   total 65536K, used 45998K [0x0000000082400000, 0x0000000100000000)
  region size 1024K, 22 young (22528K), 1 survivors (1024K)
 Metaspace       used 30791K, committed 30976K, reserved 1114112K
  class space    used 3955K, committed 4032K, reserved 1048576K
}
Event: 7.155 GC heap after
{Heap after GC invocations=7 (full 0):
 garbage-first heap   total 65536K, used 25323K [0x0000000082400000, 0x0000000100000000)
  region size 1024K, 3 young (3072K), 3 survivors (3072K)
 Metaspace       used 30791K, committed 30976K, reserved 1114112K
  class space    used 3955K, committed 4032K, reserved 1048576K
}
Event: 9.225 GC heap before
{Heap before GC invocations=7 (full 0):
 garbage-first heap   total 65536K, used 45803K [0x0000000082400000, 0x0000000100000000)
  region size 1024K, 24 young (24576K), 3 survivors (3072K)
 Metaspace       used 35925K, committed 36096K, reserved 1114112K
  class space    used 4441K, committed 4544K, reserved 1048576K
}

