# JRE version: OpenJDK Runtime Environment Microsoft-8902769 (17.0.10+7) (build 17.0.10+7-LTS)
# Java VM: OpenJDK 64-Bit Server VM Microsoft-8902769 (17.0.10+7-LTS, mixed mode, sharing, tiered, compressed oops, compressed class ptrs, g1 gc, windows-amd64)
GC Precious Log:
 CPUs: 4 total, 4 available
 Memory: 8047M
 Large Page Support: Disabled
 NUMA Support: Disabled
 Compressed Oops: Enabled (32-bit)
 Heap Region Size: 1M
 Heap Min Capacity: 8M
 Heap Initial Capacity: 126M
 Heap Max Capacity: 2012M
 Pre-touch: Disabled
 Parallel Workers: 4
 Concurrent Workers: 1
 Concurrent Refinement Workers: 4
 Periodic GC: Disabled
Heap:
 garbage-first heap   total 281600K, used 99336K [0x0000000082400000, 0x0000000100000000)
  region size 1024K, 24 young (24576K), 3 survivors (3072K)
 Metaspace       used 61363K, committed 61696K, reserved 1114112K
  class space    used 6969K, committed 7168K, reserved 1048576K
GC Heap History (20 events):
Event: 18.232 GC heap before
{Heap before GC invocations=17 (full 0):
 garbage-first heap   total 104448K, used 81692K [0x0000000082400000, 0x0000000100000000)
  region size 1024K, 25 young (25600K), 3 survivors (3072K)
 Metaspace       used 55287K, committed 55616K, reserved 1114112K
  class space    used 6526K, committed 6720K, reserved 1048576K
}
Event: 18.246 GC heap after
{Heap after GC invocations=18 (full 0):
 garbage-first heap   total 128000K, used 61311K [0x0000000082400000, 0x0000000100000000)
  region size 1024K, 2 young (2048K), 2 survivors (2048K)
 Metaspace       used 55287K, committed 55616K, reserved 1114112K
  class space    used 6526K, committed 6720K, reserved 1048576K
}
Event: 20.751 GC heap before
{Heap before GC invocations=19 (full 0):
 garbage-first heap   total 128000K, used 99199K [0x0000000082400000, 0x0000000100000000)
  region size 1024K, 39 young (39936K), 2 survivors (2048K)
 Metaspace       used 58397K, committed 58752K, reserved 1114112K
  class space    used 6779K, committed 6976K, reserved 1048576K
}
Event: 20.763 GC heap after
{Heap after GC invocations=20 (full 0):
 garbage-first heap   total 128000K, used 65547K [0x0000000082400000, 0x0000000100000000)
  region size 1024K, 5 young (5120K), 5 survivors (5120K)
 Metaspace       used 58397K, committed 58752K, reserved 1114112K
  class space    used 6779K, committed 6976K, reserved 1048576K
}
Event: 20.818 GC heap before
{Heap before GC invocations=20 (full 0):
 garbage-first heap   total 128000K, used 66571K [0x0000000082400000, 0x0000000100000000)
  region size 1024K, 6 young (6144K), 5 survivors (5120K)
 Metaspace       used 58486K, committed 58816K, reserved 1114112K
  class space    used 6790K, committed 6976K, reserved 1048576K
}
Event: 20.828 GC heap after
{Heap after GC invocations=21 (full 0):
 garbage-first heap   total 128000K, used 66485K [0x0000000082400000, 0x0000000100000000)
  region size 1024K, 1 young (1024K), 1 survivors (1024K)
 Metaspace       used 58486K, committed 58816K, reserved 1114112K
  class space    used 6790K, committed 6976K, reserved 1048576K
}
Event: 22.341 GC heap before
{Heap before GC invocations=21 (full 0):
 garbage-first heap   total 128000K, used 87989K [0x0000000082400000, 0x0000000100000000)
  region size 1024K, 23 young (23552K), 1 survivors (1024K)
 Metaspace       used 59236K, committed 59584K, reserved 1114112K
  class space    used 6825K, committed 6976K, reserved 1048576K
}
Event: 22.347 GC heap after
{Heap after GC invocations=22 (full 0):
 garbage-first heap   total 128000K, used 67976K [0x0000000082400000, 0x0000000100000000)
  region size 1024K, 3 young (3072K), 3 survivors (3072K)
 Metaspace       used 59236K, committed 59584K, reserved 1114112K
  class space    used 6825K, committed 6976K, reserved 1048576K
}
Event: 23.909 GC heap before
{Heap before GC invocations=23 (full 0):
 garbage-first heap   total 135168K, used 103816K [0x0000000082400000, 0x0000000100000000)
  region size 1024K, 35 young (35840K), 3 survivors (3072K)
 Metaspace       used 60098K, committed 60480K, reserved 1114112K
  class space    used 6903K, committed 7104K, reserved 1048576K
}
Event: 23.924 GC heap after
{Heap after GC invocations=24 (full 0):
 garbage-first heap   total 135168K, used 72789K [0x0000000082400000, 0x0000000100000000)
  region size 1024K, 5 young (5120K), 5 survivors (5120K)
 Metaspace       used 60098K, committed 60480K, reserved 1114112K
  class space    used 6903K, committed 7104K, reserved 1048576K
}
Event: 23.978 GC heap before
{Heap before GC invocations=24 (full 0):
 garbage-first heap   total 135168K, used 73813K [0x0000000082400000, 0x0000000100000000)
  region size 1024K, 6 young (6144K), 5 survivors (5120K)
 Metaspace       used 60108K, committed 60480K, reserved 1114112K
  class space    used 6903K, committed 7104K, reserved 1048576K
}
Event: 23.989 GC heap after
{Heap after GC invocations=25 (full 0):
 garbage-first heap   total 135168K, used 72846K [0x0000000082400000, 0x0000000100000000)
  region size 1024K, 1 young (1024K), 1 survivors (1024K)
 Metaspace       used 60108K, committed 60480K, reserved 1114112K
  class space    used 6903K, committed 7104K, reserved 1048576K
}
Event: 25.856 GC heap before
{Heap before GC invocations=25 (full 0):
 garbage-first heap   total 135168K, used 108686K [0x0000000082400000, 0x0000000100000000)
  region size 1024K, 36 young (36864K), 1 survivors (1024K)
 Metaspace       used 60787K, committed 61120K, reserved 1114112K
  class space    used 6957K, committed 7104K, reserved 1048576K
}
Event: 25.863 GC heap after
{Heap after GC invocations=26 (full 0):
 garbage-first heap   total 135168K, used 74499K [0x0000000082400000, 0x0000000100000000)
  region size 1024K, 3 young (3072K), 3 survivors (3072K)
 Metaspace       used 60787K, committed 61120K, reserved 1114112K
  class space    used 6957K, committed 7104K, reserved 1048576K
}
Event: 27.865 GC heap before
{Heap before GC invocations=27 (full 0):
 garbage-first heap   total 135168K, used 109315K [0x0000000082400000, 0x0000000100000000)
  region size 1024K, 37 young (37888K), 3 survivors (3072K)
 Metaspace       used 61047K, committed 61376K, reserved 1114112K
  class space    used 6963K, committed 7168K, reserved 1048576K
}
Event: 27.874 GC heap after
{Heap after GC invocations=28 (full 0):
 garbage-first heap   total 135168K, used 76663K [0x0000000082400000, 0x0000000100000000)
  region size 1024K, 5 young (5120K), 5 survivors (5120K)
 Metaspace       used 61047K, committed 61376K, reserved 1114112K
  class space    used 6963K, committed 7168K, reserved 1048576K
}
Event: 27.912 GC heap before
{Heap before GC invocations=28 (full 0):
 garbage-first heap   total 135168K, used 77687K [0x0000000082400000, 0x0000000100000000)
  region size 1024K, 6 young (6144K), 5 survivors (5120K)
 Metaspace       used 61057K, committed 61440K, reserved 1114112K
  class space    used 6964K, committed 7168K, reserved 1048576K
}
Event: 27.923 GC heap after
{Heap after GC invocations=29 (full 0):
 garbage-first heap   total 135168K, used 76717K [0x0000000082400000, 0x0000000100000000)
  region size 1024K, 1 young (1024K), 1 survivors (1024K)
 Metaspace       used 61057K, committed 61440K, reserved 1114112K
  class space    used 6964K, committed 7168K, reserved 1048576K
}
Event: 29.406 GC heap before
{Heap before GC invocations=29 (full 0):
 garbage-first heap   total 135168K, used 110509K [0x0000000082400000, 0x0000000100000000)
  region size 1024K, 34 young (34816K), 1 survivors (1024K)
 Metaspace       used 61297K, committed 61632K, reserved 1114112K
  class space    used 6968K, committed 7168K, reserved 1048576K
}
Event: 29.414 GC heap after
{Heap after GC invocations=30 (full 0):
 garbage-first heap   total 281600K, used 78856K [0x0000000082400000, 0x0000000100000000)
  region size 1024K, 3 young (3072K), 3 survivors (3072K)
 Metaspace       used 61297K, committed 61632K, reserved 1114112K
  class space    used 6968K, committed 7168K, reserved 1048576K
}

