# JRE version: OpenJDK Runtime Environment Microsoft-8902769 (17.0.10+7) (build 17.0.10+7-LTS)
# Java VM: OpenJDK 64-Bit Server VM Microsoft-8902769 (17.0.10+7-LTS, mixed mode, sharing, tiered, compressed oops, compressed class ptrs, g1 gc, windows-amd64)
GC Precious Log:
 CPUs: 4 total, 4 available
 Memory: 8047M
 Large Page Support: Disabled
 NUMA Support: Disabled
 Compressed Oops: Enabled (32-bit)
 Heap Region Size: 1M
 Heap Min Capacity: 8M
 Heap Initial Capacity: 126M
 Heap Max Capacity: 2012M
 Pre-touch: Disabled
 Parallel Workers: 4
 Concurrent Workers: 1
 Concurrent Refinement Workers: 4
 Periodic GC: Disabled
Heap:
 garbage-first heap   total 184320K, used 118008K [0x0000000082400000, 0x0000000100000000)
  region size 1024K, 7 young (7168K), 4 survivors (4096K)
 Metaspace       used 57753K, committed 58240K, reserved 1114112K
  class space    used 6258K, committed 6528K, reserved 1048576K
GC Heap History (20 events):
Event: 87.067 GC heap before
{Heap before GC invocations=42 (full 0):
 garbage-first heap   total 158720K, used 128968K [0x0000000082400000, 0x0000000100000000)
  region size 1024K, 35 young (35840K), 1 survivors (1024K)
 Metaspace       used 55804K, committed 56192K, reserved 1114112K
  class space    used 6124K, committed 6336K, reserved 1048576K
}
Event: 87.076 GC heap after
{Heap after GC invocations=43 (full 0):
 garbage-first heap   total 158720K, used 97403K [0x0000000082400000, 0x0000000100000000)
  region size 1024K, 4 young (4096K), 4 survivors (4096K)
 Metaspace       used 55804K, committed 56192K, reserved 1114112K
  class space    used 6124K, committed 6336K, reserved 1048576K
}
Event: 94.677 GC heap before
{Heap before GC invocations=44 (full 0):
 garbage-first heap   total 167936K, used 129147K [0x0000000082400000, 0x0000000100000000)
  region size 1024K, 35 young (35840K), 4 survivors (4096K)
 Metaspace       used 56052K, committed 56448K, reserved 1114112K
  class space    used 6129K, committed 6336K, reserved 1048576K
}
Event: 94.689 GC heap after
{Heap after GC invocations=45 (full 0):
 garbage-first heap   total 167936K, used 100040K [0x0000000082400000, 0x0000000100000000)
  region size 1024K, 3 young (3072K), 3 survivors (3072K)
 Metaspace       used 56052K, committed 56448K, reserved 1114112K
  class space    used 6129K, committed 6336K, reserved 1048576K
}
Event: 96.154 GC heap before
{Heap before GC invocations=45 (full 0):
 garbage-first heap   total 167936K, used 105160K [0x0000000082400000, 0x0000000100000000)
  region size 1024K, 8 young (8192K), 3 survivors (3072K)
 Metaspace       used 56064K, committed 56448K, reserved 1114112K
  class space    used 6129K, committed 6336K, reserved 1048576K
}
Event: 96.163 GC heap after
{Heap after GC invocations=46 (full 0):
 garbage-first heap   total 167936K, used 99634K [0x0000000082400000, 0x0000000100000000)
  region size 1024K, 1 young (1024K), 1 survivors (1024K)
 Metaspace       used 56064K, committed 56448K, reserved 1114112K
  class space    used 6129K, committed 6336K, reserved 1048576K
}
Event: 105.975 GC heap before
{Heap before GC invocations=46 (full 0):
 garbage-first heap   total 167936K, used 138546K [0x0000000082400000, 0x0000000100000000)
  region size 1024K, 39 young (39936K), 1 survivors (1024K)
 Metaspace       used 56352K, committed 56768K, reserved 1114112K
  class space    used 6142K, committed 6336K, reserved 1048576K
}
Event: 105.985 GC heap after
{Heap after GC invocations=47 (full 0):
 garbage-first heap   total 167936K, used 102844K [0x0000000082400000, 0x0000000100000000)
  region size 1024K, 4 young (4096K), 4 survivors (4096K)
 Metaspace       used 56352K, committed 56768K, reserved 1114112K
  class space    used 6142K, committed 6336K, reserved 1048576K
}
Event: 115.215 GC heap before
{Heap before GC invocations=48 (full 0):
 garbage-first heap   total 174080K, used 139708K [0x0000000082400000, 0x0000000100000000)
  region size 1024K, 40 young (40960K), 4 survivors (4096K)
 Metaspace       used 56959K, committed 57408K, reserved 1114112K
  class space    used 6221K, committed 6464K, reserved 1048576K
}
Event: 115.229 GC heap after
{Heap after GC invocations=49 (full 0):
 garbage-first heap   total 174080K, used 106044K [0x0000000082400000, 0x0000000100000000)
  region size 1024K, 4 young (4096K), 4 survivors (4096K)
 Metaspace       used 56959K, committed 57408K, reserved 1114112K
  class space    used 6221K, committed 6464K, reserved 1048576K
}
Event: 116.935 GC heap before
{Heap before GC invocations=49 (full 0):
 garbage-first heap   total 174080K, used 110140K [0x0000000082400000, 0x0000000100000000)
  region size 1024K, 8 young (8192K), 4 survivors (4096K)
 Metaspace       used 57070K, committed 57600K, reserved 1114112K
  class space    used 6236K, committed 6528K, reserved 1048576K
}
Event: 116.942 GC heap after
{Heap after GC invocations=50 (full 0):
 garbage-first heap   total 174080K, used 106367K [0x0000000082400000, 0x0000000100000000)
  region size 1024K, 1 young (1024K), 1 survivors (1024K)
 Metaspace       used 57070K, committed 57600K, reserved 1114112K
  class space    used 6236K, committed 6528K, reserved 1048576K
}
Event: 126.749 GC heap before
{Heap before GC invocations=50 (full 0):
 garbage-first heap   total 174080K, used 145279K [0x0000000082400000, 0x0000000100000000)
  region size 1024K, 39 young (39936K), 1 survivors (1024K)
 Metaspace       used 57240K, committed 57728K, reserved 1114112K
  class space    used 6248K, committed 6528K, reserved 1048576K
}
Event: 126.756 GC heap after
{Heap after GC invocations=51 (full 0):
 garbage-first heap   total 174080K, used 108789K [0x0000000082400000, 0x0000000100000000)
  region size 1024K, 3 young (3072K), 3 survivors (3072K)
 Metaspace       used 57240K, committed 57728K, reserved 1114112K
  class space    used 6248K, committed 6528K, reserved 1048576K
}
Event: 133.797 GC heap before
{Heap before GC invocations=52 (full 0):
 garbage-first heap   total 184320K, used 145653K [0x0000000082400000, 0x0000000100000000)
  region size 1024K, 39 young (39936K), 3 survivors (3072K)
 Metaspace       used 57458K, committed 57920K, reserved 1114112K
  class space    used 6254K, committed 6528K, reserved 1048576K
}
Event: 133.809 GC heap after
{Heap after GC invocations=53 (full 0):
 garbage-first heap   total 184320K, used 112504K [0x0000000082400000, 0x0000000100000000)
  region size 1024K, 4 young (4096K), 4 survivors (4096K)
 Metaspace       used 57458K, committed 57920K, reserved 1114112K
  class space    used 6254K, committed 6528K, reserved 1048576K
}
Event: 135.431 GC heap before
{Heap before GC invocations=53 (full 0):
 garbage-first heap   total 184320K, used 117624K [0x0000000082400000, 0x0000000100000000)
  region size 1024K, 9 young (9216K), 4 survivors (4096K)
 Metaspace       used 57489K, committed 57920K, reserved 1114112K
  class space    used 6254K, committed 6528K, reserved 1048576K
}
Event: 135.441 GC heap after
{Heap after GC invocations=54 (full 0):
 garbage-first heap   total 184320K, used 112743K [0x0000000082400000, 0x0000000100000000)
  region size 1024K, 1 young (1024K), 1 survivors (1024K)
 Metaspace       used 57489K, committed 57920K, reserved 1114112K
  class space    used 6254K, committed 6528K, reserved 1048576K
}
Event: 144.125 GC heap before
{Heap before GC invocations=54 (full 0):
 garbage-first heap   total 184320K, used 154727K [0x0000000082400000, 0x0000000100000000)
  region size 1024K, 42 young (43008K), 1 survivors (1024K)
 Metaspace       used 57746K, committed 58176K, reserved 1114112K
  class space    used 6258K, committed 6528K, reserved 1048576K
}
Event: 144.132 GC heap after
{Heap after GC invocations=55 (full 0):
 garbage-first heap   total 184320K, used 115960K [0x0000000082400000, 0x0000000100000000)
  region size 1024K, 4 young (4096K), 4 survivors (4096K)
 Metaspace       used 57746K, committed 58176K, reserved 1114112K
  class space    used 6258K, committed 6528K, reserved 1048576K
}

